{
  "RSpec": {
    "coverage": {
      "/Users/oscarsantos/mod_4/tea_subscription/config/environment.rb": {
        "lines": [
          null,
          1,
          null,
          null,
          1
        ]
      },
      "/Users/oscarsantos/mod_4/tea_subscription/config/application.rb": {
        "lines": [
          1,
          null,
          1,
          null,
          1,
          1,
          1,
          1,
          1,
          1,
          1,
          1,
          null,
          null,
          null,
          null,
          null,
          1,
          null,
          1,
          1,
          null,
          1,
          null,
          null,
          null,
          null,
          null,
          null,
          null,
          null,
          null,
          1,
          null,
          null
        ]
      },
      "/Users/oscarsantos/mod_4/tea_subscription/config/boot.rb": {
        "lines": [
          1,
          null,
          1,
          1
        ]
      },
      "/Users/oscarsantos/mod_4/tea_subscription/config/environments/test.rb": {
        "lines": [
          1,
          null,
          null,
          null,
          null,
          null,
          null,
          1,
          null,
          null,
          null,
          null,
          1,
          null,
          null,
          1,
          1,
          null,
          null,
          null,
          null,
          1,
          1,
          null,
          null,
          1,
          null,
          null,
          1,
          null,
          null,
          1,
          null,
          1,
          null,
          null,
          null,
          null,
          1,
          null,
          null,
          1,
          null,
          null,
          null,
          null
        ]
      },
      "/Users/oscarsantos/mod_4/tea_subscription/config/initializers/application_controller_renderer.rb": {
        "lines": [
          null,
          null,
          null,
          null,
          null,
          null,
          null,
          null
        ]
      },
      "/Users/oscarsantos/mod_4/tea_subscription/config/initializers/backtrace_silencers.rb": {
        "lines": [
          null,
          null,
          null,
          null,
          null,
          null,
          null
        ]
      },
      "/Users/oscarsantos/mod_4/tea_subscription/config/initializers/cors.rb": {
        "lines": [
          null,
          null,
          null,
          null,
          null,
          null,
          null,
          null,
          null,
          null,
          null,
          null,
          null,
          null,
          null,
          null
        ]
      },
      "/Users/oscarsantos/mod_4/tea_subscription/config/initializers/filter_parameter_logging.rb": {
        "lines": [
          null,
          null,
          null,
          1
        ]
      },
      "/Users/oscarsantos/mod_4/tea_subscription/config/initializers/inflections.rb": {
        "lines": [
          null,
          null,
          null,
          null,
          null,
          null,
          null,
          null,
          null,
          null,
          null,
          null,
          null,
          null,
          null,
          null
        ]
      },
      "/Users/oscarsantos/mod_4/tea_subscription/config/initializers/mime_types.rb": {
        "lines": [
          null,
          null,
          null,
          null
        ]
      },
      "/Users/oscarsantos/mod_4/tea_subscription/config/initializers/wrap_parameters.rb": {
        "lines": [
          null,
          null,
          null,
          null,
          null,
          null,
          1,
          2,
          null,
          null,
          null,
          null,
          null,
          null
        ]
      },
      "/Users/oscarsantos/mod_4/tea_subscription/spec/factories/customers.rb": {
        "lines": [
          1,
          1,
          6,
          6,
          6,
          6,
          null,
          null
        ]
      },
      "/Users/oscarsantos/mod_4/tea_subscription/spec/factories/subscriptions.rb": {
        "lines": [
          1,
          1,
          1,
          1,
          1,
          1,
          1,
          1,
          null,
          null
        ]
      },
      "/Users/oscarsantos/mod_4/tea_subscription/spec/factories/teas.rb": {
        "lines": [
          1,
          1,
          7,
          7,
          7,
          7,
          null,
          null
        ]
      },
      "/Users/oscarsantos/mod_4/tea_subscription/config/routes.rb": {
        "lines": [
          1,
          1,
          1,
          1,
          1,
          null,
          1,
          null,
          null,
          null
        ]
      },
      "/Users/oscarsantos/mod_4/tea_subscription/app/models/customer.rb": {
        "lines": [
          1,
          1,
          1,
          null,
          1,
          null
        ]
      },
      "/Users/oscarsantos/mod_4/tea_subscription/app/models/application_record.rb": {
        "lines": [
          1,
          1,
          null
        ]
      },
      "/Users/oscarsantos/mod_4/tea_subscription/spec/models/subscription_spec.rb": {
        "lines": [
          null,
          1,
          null,
          1,
          null,
          1,
          2,
          2,
          null,
          null,
          1,
          2,
          2,
          2,
          2,
          2,
          null,
          null
        ]
      },
      "/Users/oscarsantos/mod_4/tea_subscription/app/models/subscription.rb": {
        "lines": [
          1,
          1,
          1,
          null,
          1,
          1,
          null
        ]
      },
      "/Users/oscarsantos/mod_4/tea_subscription/spec/models/tea_spec.rb": {
        "lines": [
          null,
          1,
          null,
          1,
          null,
          1,
          2,
          2,
          null,
          null,
          1,
          2,
          2,
          2,
          2,
          null,
          null
        ]
      },
      "/Users/oscarsantos/mod_4/tea_subscription/app/models/tea.rb": {
        "lines": [
          1,
          1,
          1,
          null,
          1,
          null
        ]
      },
      "/Users/oscarsantos/mod_4/tea_subscription/spec/requests/api/v1/cancel_subscription_spec.rb": {
        "lines": [
          1,
          null,
          1,
          3,
          3,
          null,
          1,
          1,
          null,
          null,
          null,
          null,
          null,
          null,
          null,
          1,
          null,
          1,
          1,
          null,
          1,
          1,
          1,
          1,
          1,
          1,
          null,
          null,
          1,
          1,
          null,
          null,
          null,
          null,
          null,
          null,
          null,
          1,
          null,
          1,
          null,
          null
        ]
      },
      "/Users/oscarsantos/mod_4/tea_subscription/spec/requests/api/v1/create_customer_spec.rb": {
        "lines": [
          1,
          null,
          1,
          null,
          1,
          null,
          1,
          null,
          null,
          null,
          null,
          null,
          1,
          null,
          1,
          null,
          1,
          1,
          1,
          1,
          1,
          1,
          null,
          1,
          1,
          null,
          1,
          1,
          null,
          1,
          1,
          null,
          1,
          1,
          null,
          1,
          1,
          null,
          1,
          1,
          null,
          null,
          1,
          null,
          1,
          null,
          null,
          null,
          null,
          1,
          null,
          null,
          1,
          1,
          1,
          null,
          null
        ]
      },
      "/Users/oscarsantos/mod_4/tea_subscription/spec/requests/api/v1/create_subscriptions_spec.rb": {
        "lines": [
          1,
          null,
          1,
          3,
          3,
          null,
          1,
          null,
          1,
          null,
          null,
          null,
          null,
          null,
          null,
          1,
          null,
          1,
          null,
          1,
          1,
          1,
          1,
          1,
          1,
          null,
          1,
          1,
          null,
          1,
          1,
          null,
          1,
          1,
          null,
          1,
          1,
          null,
          1,
          1,
          null,
          1,
          1,
          null,
          null,
          1,
          null,
          1,
          null,
          null,
          null,
          null,
          null,
          null,
          null,
          1,
          null,
          1,
          1,
          null,
          null
        ]
      },
      "/Users/oscarsantos/mod_4/tea_subscription/spec/requests/api/v1/create_tea_spec.rb": {
        "lines": [
          1,
          null,
          1,
          null,
          1,
          null,
          1,
          null,
          null,
          null,
          null,
          null,
          1,
          null,
          1,
          null,
          1,
          1,
          1,
          1,
          1,
          1,
          null,
          1,
          1,
          null,
          1,
          1,
          null,
          1,
          1,
          null,
          1,
          1,
          null,
          1,
          1,
          null,
          1,
          1,
          null,
          null,
          1,
          null,
          1,
          null,
          null,
          null,
          null,
          1,
          null,
          1,
          1,
          1,
          null,
          null
        ]
      },
      "/Users/oscarsantos/mod_4/tea_subscription/spec/requests/api/v1/customer_subscriptions_spec.rb": {
        "lines": [
          1,
          null,
          1,
          1,
          1,
          1,
          1,
          1,
          null,
          null,
          null,
          null,
          null,
          null,
          1,
          null,
          null,
          null,
          null,
          null,
          null,
          null,
          1,
          1,
          null,
          1,
          1,
          1,
          1,
          null,
          null
        ]
      },
      "/Users/oscarsantos/mod_4/tea_subscription/app/controllers/api/v1/subscriptions_controller.rb": {
        "lines": [
          1,
          1,
          null,
          1,
          1,
          1,
          null,
          null,
          1,
          2,
          2,
          1,
          null,
          1,
          null,
          null,
          null,
          1,
          1,
          1,
          1,
          null,
          0,
          null,
          null,
          null,
          1,
          1,
          3,
          null,
          null,
          1,
          2,
          1,
          null,
          null,
          null,
          1,
          1,
          null,
          null
        ]
      },
      "/Users/oscarsantos/mod_4/tea_subscription/app/controllers/application_controller.rb": {
        "lines": [
          1,
          null
        ]
      },
      "/Users/oscarsantos/mod_4/tea_subscription/app/serializers/subscription_serializer.rb": {
        "lines": [
          1,
          1,
          1,
          null
        ]
      },
      "/Users/oscarsantos/mod_4/tea_subscription/app/controllers/api/v1/customers_controller.rb": {
        "lines": [
          1,
          null,
          1,
          2,
          2,
          1,
          null,
          1,
          null,
          null,
          null,
          1,
          1,
          2,
          null,
          null,
          null
        ]
      },
      "/Users/oscarsantos/mod_4/tea_subscription/app/serializers/customer_serializer.rb": {
        "lines": [
          1,
          1,
          1,
          null
        ]
      },
      "/Users/oscarsantos/mod_4/tea_subscription/app/controllers/api/v1/teas_controller.rb": {
        "lines": [
          1,
          1,
          2,
          2,
          1,
          null,
          1,
          null,
          null,
          null,
          1,
          1,
          2,
          null,
          null
        ]
      },
      "/Users/oscarsantos/mod_4/tea_subscription/app/serializers/tea_serializer.rb": {
        "lines": [
          1,
          1,
          1,
          null
        ]
      }
    },
    "timestamp": 1663277245
  }
}
